00000000000i[     ] Bochs x86 Emulator 2.5.1.svn
00000000000i[     ]   Built from SVN snapshot, after release 2.5.1
00000000000i[     ] Compiled on Apr 20 2012 at 01:49:18
00000000000i[     ] System configuration
00000000000i[     ]   processors: 1 (cores=1, HT threads=1)
00000000000i[     ]   A20 line support: yes
00000000000i[     ] IPS is set to 4000000
00000000000i[     ] CPU configuration
00000000000i[     ]   level: 6
00000000000i[     ]   SMP support: no
00000000000i[     ]   APIC support: xapic
00000000000i[     ]   FPU support: yes
00000000000i[     ]   MMX support: yes
00000000000i[     ]   3dnow! support: no
00000000000i[     ]   SEP support: yes
00000000000i[     ]   SSE support: sse2
00000000000i[     ]   XSAVE support: no 
00000000000i[     ]   AES support: no
00000000000i[     ]   MOVBE support: no
00000000000i[     ]   x86-64 support: yes
00000000000i[     ]   1G paging support: no
00000000000i[     ]   MWAIT support: yes
00000000000i[     ] Optimization configuration
00000000000i[     ]   RepeatSpeedups support: no
00000000000i[     ]   Fast function calls: no
00000000000i[     ]   Handlers Chaining speedups: no
00000000000i[     ] Devices configuration
00000000000i[     ]   NE2000 support: no
00000000000i[     ]   PCI support: no, enabled=no
00000000000i[     ]   SB16 support: no
00000000000i[     ]   USB support: no
00000000000i[     ]   VGA extension support: vbe 
00000000000i[MEM0 ] allocated memory at 0x7fa6b4ed3010. after alignment, vector=0x7fa6b4ed4000
00000000000i[MEM0 ] 8.00MB
00000000000i[MEM0 ] mem block size = 0x00100000, blocks=8
00000000000i[MEM0 ] rom at 0xfffe0000/131072 ('/usr/share/bochs/BIOS-bochs-latest')
00000000000i[     ] init_dev of 'cmos' plugin device by virtual method
00000000000i[CMOS ] Using local time for initial clock
00000000000i[CMOS ] Setting initial clock to: Fri Apr 20 01:52:22 2012 (time0=1334857942)
00000000000i[     ] init_dev of 'dma' plugin device by virtual method
00000000000i[DMA  ] channel 4 used by cascade
00000000000i[     ] init_dev of 'pic' plugin device by virtual method
00000000000i[     ] init_dev of 'pit' plugin device by virtual method
00000000000i[     ] init_dev of 'floppy' plugin device by virtual method
00000000000i[DMA  ] channel 2 used by Floppy Drive
00000000000i[FDD  ] fd0: 'floppy.img' ro=0, h=2,t=80,spt=18
00000000000i[     ] init_dev of 'vga' plugin device by virtual method
00000000000i[MEM0 ] Register memory access handlers: 0x00000000000a0000 - 0x00000000000bffff
00000000000i[VGA  ] interval=200000
00000000000i[MEM0 ] Register memory access handlers: 0x00000000e0000000 - 0x00000000e0ffffff
00000000000i[BXVGA] VBE Bochs Display Extension Enabled
00000000000i[XGUI ] test_alloc_colors: 16 colors available out of 16 colors tried
00000000000i[XGUI ] font 8 wide x 16 high, display depth = 24
00000000000i[MEM0 ] rom at 0xc0000/41472 ('/usr/share/bochs/VGABIOS-lgpl-latest')
00000000000i[     ] init_dev of 'ioapic' plugin device by virtual method
00000000000i[IOAP ] initializing I/O APIC
00000000000i[MEM0 ] Register memory access handlers: 0x00000000fec00000 - 0x00000000fec00fff
00000000000i[     ] init_dev of 'keyboard' plugin device by virtual method
00000000000i[KBD  ] will paste characters every 1000 keyboard ticks
00000000000i[     ] init_dev of 'harddrv' plugin device by virtual method
00000000000i[HD   ] Using boot sequence floppy, none, none
00000000000i[HD   ] Floppy boot signature check is enabled
00000000000i[     ] register state of 'cmos' plugin device by virtual method
00000000000i[     ] register state of 'dma' plugin device by virtual method
00000000000i[     ] register state of 'pic' plugin device by virtual method
00000000000i[     ] register state of 'pit' plugin device by virtual method
00000000000i[     ] register state of 'floppy' plugin device by virtual method
00000000000i[     ] register state of 'vga' plugin device by virtual method
00000000000i[     ] register state of 'ioapic' plugin device by virtual method
00000000000i[     ] register state of 'keyboard' plugin device by virtual method
00000000000i[     ] register state of 'harddrv' plugin device by virtual method
00000000000i[SYS  ] bx_pc_system_c::Reset(HARDWARE) called
00000000000i[CPU0 ] cpu hardware reset
00000000000i[APIC0] allocate APIC id=0 (MMIO enabled) to 0x00000000fee00000
00000000000i[CPU0 ] CPUID[0x00000000]: 00000002 756e6547 6c65746e 49656e69
00000000000i[CPU0 ] CPUID[0x00000001]: 00000633 00010800 00002008 1fcbfbff
00000000000i[CPU0 ] CPUID[0x00000002]: 00410601 00000000 00000000 00000000
00000000000i[CPU0 ] CPUID[0x80000000]: 80000008 00000000 00000000 00000000
00000000000i[CPU0 ] CPUID[0x80000001]: 00000000 00000000 00000101 2a100000
00000000000i[CPU0 ] CPUID[0x80000002]: 20202020 20202020 20202020 6e492020
00000000000i[CPU0 ] CPUID[0x80000003]: 286c6574 50202952 69746e65 52286d75
00000000000i[CPU0 ] CPUID[0x80000004]: 20342029 20555043 20202020 00202020
00000000000i[CPU0 ] CPUID[0x80000005]: 01ff01ff 01ff01ff 40020140 40020140
00000000000i[CPU0 ] CPUID[0x80000006]: 00000000 42004200 02008140 00000000
00000000000i[CPU0 ] CPUID[0x80000007]: 00000000 00000000 00000000 00000000
00000000000i[CPU0 ] CPUID[0x80000008]: 00003028 00000000 00000000 00000000
00000000000i[     ] reset of 'cmos' plugin device by virtual method
00000000000i[     ] reset of 'dma' plugin device by virtual method
00000000000i[     ] reset of 'pic' plugin device by virtual method
00000000000i[     ] reset of 'pit' plugin device by virtual method
00000000000i[     ] reset of 'floppy' plugin device by virtual method
00000000000i[     ] reset of 'vga' plugin device by virtual method
00000000000i[     ] reset of 'ioapic' plugin device by virtual method
00000000000i[     ] reset of 'keyboard' plugin device by virtual method
00000000000i[     ] reset of 'harddrv' plugin device by virtual method
00000000000i[XGUI ] Mouse capture off
00000000000i[XGUI ] Mouse capture off
00000000000i[XGUI ] Mouse capture off
00000000000i[XGUI ] Mouse capture off
00000000000i[XGUI ] Mouse capture off
00000000000i[XGUI ] Mouse capture off
00000000000i[XGUI ] Mouse capture off
00000000000i[XGUI ] Mouse capture off
00000000000i[XGUI ] Mouse capture off
00000000000i[XGUI ] Mouse capture off
00000000000i[GDBST] addr 0000000000100870 len 1
00000000000i[XGUI ] Mouse capture off
00000000000i[GDBST] addr 0000000000100870 len 1
00000000000i[XGUI ] Mouse capture off
00000000000i[GDBST] addr 0000000000100870 len 1
00000000000i[XGUI ] Mouse capture off
00000000000i[GDBST] addr 0000000000100870 len 1
00000000000i[XGUI ] Mouse capture off
00000000000i[GDBST] addr 0000000000100870 len e
00000000000i[XGUI ] Mouse capture off
00000000000i[GDBST] addr 0000000000100870 len 1
00000000000i[XGUI ] Mouse capture off
00000000000i[GDBST] addr 0000000000100870 len 1
00000000000i[XGUI ] Mouse capture off
00000000000i[XGUI ] Mouse capture off
00000000000i[XGUI ] Mouse capture off
00000000000i[XGUI ] Mouse capture off
00000000000i[XGUI ] Mouse capture off
00000000000i[XGUI ] Mouse capture off
00000000000i[GDBST] addr 0000000000000000 len 1
00000000000i[XGUI ] Mouse capture off
00000000000i[GDBST] addr 0000000000000000 len 1
00000000000i[XGUI ] Mouse capture off
00000000000i[GDBST] addr 0000000000000000 len 1
00000000000i[XGUI ] Mouse capture off
00000000000i[GDBST] addr 0000000000000000 len 1
00000000000i[XGUI ] Mouse capture off
00000000000i[GDBST] addr 0000000000000000 len 1
00000000000i[XGUI ] Mouse capture off
00000000000i[GDBST] addr 0000000000000000 len 1
00000000000i[XGUI ] Mouse capture off
00000000000i[GDBST] addr 0000000000000000 len 8
00000000000i[XGUI ] Mouse capture off
00000000000i[GDBST] addr 0000000000000000 len 7
00000000000i[XGUI ] Mouse capture off
00000000000i[XGUI ] Mouse capture off
00000000000i[XGUI ] Mouse capture off
00000000000i[GDBST] addr 0000000000100870 len 1
00000000000i[XGUI ] Mouse capture off
00000000000i[GDBST] addr 0000000000100870 len 1
00000000000i[XGUI ] Mouse capture off
00000000000i[GDBST] addr 0000000000100870 len 1
00000000000i[XGUI ] Mouse capture off
00000000000i[GDBST] addr 0000000000100870 len 1
00000000000i[XGUI ] Mouse capture off
00000000000i[GDBST] addr 0000000000100870 len e
00000000000i[XGUI ] Mouse capture off
00000000000i[GDBST] addr 0000000000100870 len 1
00000000000i[XGUI ] Mouse capture off
00000000000i[GDBST] addr 0000000000100870 len 1
00000000000i[XGUI ] Mouse capture off
00000000000i[GDBST] addr 0000000000100873 len 1
00000000000i[XGUI ] Mouse capture off
00000000000i[XGUI ] Mouse capture off
00000000000i[XGUI ] Mouse capture off
00000000000i[GDBST] setting breakpoint at 100873
00000000000i[XGUI ] Mouse capture off
00000000000i[XGUI ] Mouse capture off
00000000000i[XGUI ] Mouse capture off
00000319062i[KBD  ] reset-disable command received
00000520495i[BXVGA] VBE known Display Interface b0c0
00000520527i[BXVGA] VBE known Display Interface b0c5
00000800000i[XGUI ] charmap update. Font Height is 16
00068263216i[GDBST] found breakpoint at 100873
00068263216i[GDBST] stopped with ac1
00068263216i[XGUI ] Mouse capture off
00068263216i[XGUI ] Mouse capture off
00068263216i[GDBST] Removing breakpoint at 100873
00068263216i[XGUI ] Mouse capture off
00068263216i[GDBST] addr 0000000000053c8e len 1
00068263216i[XGUI ] Mouse capture off
00068263216i[GDBST] addr 0000000000053c8e len 1
00068263216i[XGUI ] Mouse capture off
00068263216i[GDBST] addr 0000000000053c8e len 1
00068263216i[XGUI ] Mouse capture off
00068263216i[GDBST] addr 0000000000053c8e len 1
00068263216i[XGUI ] Mouse capture off
00068263216i[GDBST] addr 0000000000053c8e len 1
00068263216i[XGUI ] Mouse capture off
00068263216i[GDBST] addr 0000000000053c8e len 1
00068263216i[XGUI ] Mouse capture off
00068263216i[GDBST] addr 0000000000053c8e len 8
00068263216i[XGUI ] Mouse capture off
00068263216i[GDBST] addr 0000000000053c8e len 7
00068263216i[XGUI ] Mouse capture off
00068263216i[XGUI ] Mouse capture off
00068263216p[GDBST] >>PANIC<< Debugger asked us to quit
00068263216i[CPU0 ] CPU is in protected mode (active)
00068263216i[CPU0 ] CS.mode = 32 bit
00068263216i[CPU0 ] SS.mode = 32 bit
00068263216i[CPU0 ] EFER   = 0x00000000
00068263216i[CPU0 ] | EAX=00000000  EBX=0002d000  ECX=0000000f  EDX=00000001
00068263216i[CPU0 ] | ESP=00107800  EBP=00107800  ESI=00053c8e  EDI=00053c8f
00068263216i[CPU0 ] | IOPL=0 id vip vif ac vm rf nt of df if tf sf ZF af PF cf
00068263216i[CPU0 ] | SEG sltr(index|ti|rpl)     base    limit G D
00068263216i[CPU0 ] |  CS:0008( 0001| 0|  0) 00000000 ffffffff 1 1
00068263216i[CPU0 ] |  DS:0010( 0002| 0|  0) 00000000 ffffffff 1 1
00068263216i[CPU0 ] |  SS:0010( 0002| 0|  0) 00000000 ffffffff 1 1
00068263216i[CPU0 ] |  ES:0010( 0002| 0|  0) 00000000 ffffffff 1 1
00068263216i[CPU0 ] |  FS:0010( 0002| 0|  0) 00000000 ffffffff 1 1
00068263216i[CPU0 ] |  GS:0010( 0002| 0|  0) 00000000 ffffffff 1 1
00068263216i[CPU0 ] | EIP=00100873 (00100873)
00068263216i[CPU0 ] | CR0=0x60000011 CR2=0x00000000
00068263216i[CPU0 ] | CR3=0x00000000 CR4=0x00000000
00068263216i[CPU0 ] 0x0000000000100873>> sub esp, 0x00000008 : 83EC08
00068263216i[CMOS ] Last time is 1334857959 (Fri Apr 20 01:52:39 2012)
00068263216i[XGUI ] Exit
00068263216i[     ] restoring default signal behavior
00068263216i[CTRL ] quit_sim called with exit code 1
